# JRE version: OpenJDK Runtime Environment Microsoft-7208460 (11.0.18+10) (build 11.0.18+10-LTS)
# Java VM: OpenJDK 64-Bit Server VM Microsoft-7208460 (11.0.18+10-LTS, mixed mode, tiered, compressed oops, g1 gc, windows-amd64)
Heap:
 garbage-first heap   total 152576K, used 111057K [0x0000000084c00000, 0x0000000100000000)
  region size 1024K, 59 young (60416K), 8 survivors (8192K)
 Metaspace       used 62141K, capacity 62937K, committed 63232K, reserved 1105920K
  class space    used 7020K, capacity 7342K, committed 7424K, reserved 1048576K
GC Heap History (18 events):
Event: 3.400 GC heap before
{Heap before GC invocations=0 (full 0):
 garbage-first heap   total 126976K, used 17408K [0x0000000084c00000, 0x0000000100000000)
  region size 1024K, 14 young (14336K), 0 survivors (0K)
 Metaspace       used 9862K, capacity 9970K, committed 10112K, reserved 1058816K
  class space    used 826K, capacity 853K, committed 896K, reserved 1048576K
}
Event: 3.456 GC heap after
{Heap after GC invocations=1 (full 0):
 garbage-first heap   total 126976K, used 5384K [0x0000000084c00000, 0x0000000100000000)
  region size 1024K, 2 young (2048K), 2 survivors (2048K)
 Metaspace       used 9862K, capacity 9970K, committed 10112K, reserved 1058816K
  class space    used 826K, capacity 853K, committed 896K, reserved 1048576K
}
Event: 8.389 GC heap before
{Heap before GC invocations=1 (full 0):
 garbage-first heap   total 126976K, used 51464K [0x0000000084c00000, 0x0000000100000000)
  region size 1024K, 48 young (49152K), 2 survivors (2048K)
 Metaspace       used 20976K, capacity 21182K, committed 21248K, reserved 1069056K
  class space    used 2199K, capacity 2280K, committed 2304K, reserved 1048576K
}
Event: 8.416 GC heap after
{Heap after GC invocations=2 (full 0):
 garbage-first heap   total 126976K, used 9315K [0x0000000084c00000, 0x0000000100000000)
  region size 1024K, 6 young (6144K), 6 survivors (6144K)
 Metaspace       used 20976K, capacity 21182K, committed 21248K, reserved 1069056K
  class space    used 2199K, capacity 2280K, committed 2304K, reserved 1048576K
}
Event: 14.466 GC heap before
{Heap before GC invocations=3 (full 0):
 garbage-first heap   total 126976K, used 60515K [0x0000000084c00000, 0x0000000100000000)
  region size 1024K, 51 young (52224K), 6 survivors (6144K)
 Metaspace       used 31706K, capacity 32186K, committed 32256K, reserved 1077248K
  class space    used 3901K, capacity 4084K, committed 4096K, reserved 1048576K
}
Event: 14.522 GC heap after
{Heap after GC invocations=4 (full 0):
 garbage-first heap   total 126976K, used 20694K [0x0000000084c00000, 0x0000000100000000)
  region size 1024K, 7 young (7168K), 7 survivors (7168K)
 Metaspace       used 31706K, capacity 32186K, committed 32256K, reserved 1077248K
  class space    used 3901K, capacity 4084K, committed 4096K, reserved 1048576K
}
Event: 16.035 GC heap before
{Heap before GC invocations=4 (full 0):
 garbage-first heap   total 126976K, used 36054K [0x0000000084c00000, 0x0000000100000000)
  region size 1024K, 23 young (23552K), 7 survivors (7168K)
 Metaspace       used 35228K, capacity 35690K, committed 35840K, reserved 1081344K
  class space    used 4298K, capacity 4506K, committed 4608K, reserved 1048576K
}
Event: 16.059 GC heap after
{Heap after GC invocations=5 (full 0):
 garbage-first heap   total 126976K, used 20166K [0x0000000084c00000, 0x0000000100000000)
  region size 1024K, 2 young (2048K), 2 survivors (2048K)
 Metaspace       used 35228K, capacity 35690K, committed 35840K, reserved 1081344K
  class space    used 4298K, capacity 4506K, committed 4608K, reserved 1048576K
}
Event: 21.872 GC heap before
{Heap before GC invocations=6 (full 0):
 garbage-first heap   total 126976K, used 76486K [0x0000000084c00000, 0x0000000100000000)
  region size 1024K, 55 young (56320K), 2 survivors (2048K)
 Metaspace       used 46749K, capacity 47211K, committed 47488K, reserved 1091584K
  class space    used 5456K, capacity 5652K, committed 5760K, reserved 1048576K
}
Event: 21.906 GC heap after
{Heap after GC invocations=7 (full 0):
 garbage-first heap   total 126976K, used 27648K [0x0000000084c00000, 0x0000000100000000)
  region size 1024K, 7 young (7168K), 7 survivors (7168K)
 Metaspace       used 46749K, capacity 47211K, committed 47488K, reserved 1091584K
  class space    used 5456K, capacity 5652K, committed 5760K, reserved 1048576K
}
Event: 26.749 GC heap before
{Heap before GC invocations=7 (full 0):
 garbage-first heap   total 126976K, used 86016K [0x0000000084c00000, 0x0000000100000000)
  region size 1024K, 63 young (64512K), 7 survivors (7168K)
 Metaspace       used 50622K, capacity 51218K, committed 51456K, reserved 1095680K
  class space    used 5787K, capacity 6035K, committed 6144K, reserved 1048576K
}
Event: 26.813 GC heap after
{Heap after GC invocations=8 (full 0):
 garbage-first heap   total 126976K, used 35840K [0x0000000084c00000, 0x0000000100000000)
  region size 1024K, 8 young (8192K), 8 survivors (8192K)
 Metaspace       used 50622K, capacity 51218K, committed 51456K, reserved 1095680K
  class space    used 5787K, capacity 6035K, committed 6144K, reserved 1048576K
}
Event: 33.976 GC heap before
{Heap before GC invocations=8 (full 0):
 garbage-first heap   total 126976K, used 79872K [0x0000000084c00000, 0x0000000100000000)
  region size 1024K, 52 young (53248K), 8 survivors (8192K)
 Metaspace       used 59254K, capacity 60000K, committed 60160K, reserved 1101824K
  class space    used 6776K, capacity 7068K, committed 7168K, reserved 1048576K
}
Event: 34.039 GC heap after
{Heap after GC invocations=9 (full 0):
 garbage-first heap   total 126976K, used 41984K [0x0000000084c00000, 0x0000000100000000)
  region size 1024K, 6 young (6144K), 6 survivors (6144K)
 Metaspace       used 59254K, capacity 60000K, committed 60160K, reserved 1101824K
  class space    used 6776K, capacity 7068K, committed 7168K, reserved 1048576K
}
Event: 38.821 GC heap before
{Heap before GC invocations=10 (full 0):
 garbage-first heap   total 126976K, used 92160K [0x0000000084c00000, 0x0000000100000000)
  region size 1024K, 55 young (56320K), 6 survivors (6144K)
 Metaspace       used 60174K, capacity 60982K, committed 61184K, reserved 1103872K
  class space    used 6832K, capacity 7139K, committed 7168K, reserved 1048576K
}
Event: 38.901 GC heap after
{Heap after GC invocations=11 (full 0):
 garbage-first heap   total 152576K, used 50176K [0x0000000084c00000, 0x0000000100000000)
  region size 1024K, 7 young (7168K), 7 survivors (7168K)
 Metaspace       used 60174K, capacity 60982K, committed 61184K, reserved 1103872K
  class space    used 6832K, capacity 7139K, committed 7168K, reserved 1048576K
}
Event: 43.328 GC heap before
{Heap before GC invocations=12 (full 0):
 garbage-first heap   total 152576K, used 106496K [0x0000000084c00000, 0x0000000100000000)
  region size 1024K, 62 young (63488K), 7 survivors (7168K)
 Metaspace       used 61479K, capacity 62277K, committed 62336K, reserved 1103872K
  class space    used 6973K, capacity 7272K, committed 7296K, reserved 1048576K
}
Event: 43.498 GC heap after
{Heap after GC invocations=13 (full 0):
 garbage-first heap   total 152576K, used 59857K [0x0000000084c00000, 0x0000000100000000)
  region size 1024K, 8 young (8192K), 8 survivors (8192K)
 Metaspace       used 61479K, capacity 62277K, committed 62336K, reserved 1103872K
  class space    used 6973K, capacity 7272K, committed 7296K, reserved 1048576K
}

