# JRE version: OpenJDK Runtime Environment Microsoft-7208460 (11.0.18+10) (build 11.0.18+10-LTS)
# Java VM: OpenJDK 64-Bit Server VM Microsoft-7208460 (11.0.18+10-LTS, mixed mode, tiered, compressed oops, g1 gc, windows-amd64)
Heap:
 garbage-first heap   total 496640K, used 404471K [0x0000000080000000, 0x0000000100000000)
  region size 1024K, 63 young (64512K), 2 survivors (2048K)
 Metaspace       used 217794K, capacity 226692K, committed 226768K, reserved 716800K
  class space    used 27530K, capacity 30832K, committed 30848K, reserved 516096K
GC Heap History (20 events):
Event: 28268.150 GC heap before
{Heap before GC invocations=338 (full 0):
 garbage-first heap   total 496640K, used 337998K [0x0000000080000000, 0x0000000100000000)
  region size 1024K, 24 young (24576K), 10 survivors (10240K)
 Metaspace       used 210956K, capacity 219657K, committed 219856K, reserved 706560K
  class space    used 26733K, capacity 30014K, committed 30080K, reserved 516096K
}
Event: 28268.228 GC heap after
{Heap after GC invocations=339 (full 0):
 garbage-first heap   total 496640K, used 320983K [0x0000000080000000, 0x0000000100000000)
  region size 1024K, 2 young (2048K), 2 survivors (2048K)
 Metaspace       used 210956K, capacity 219657K, committed 219856K, reserved 706560K
  class space    used 26733K, capacity 30014K, committed 30080K, reserved 516096K
}
Event: 28271.285 GC heap before
{Heap before GC invocations=339 (full 0):
 garbage-first heap   total 496640K, used 376279K [0x0000000080000000, 0x0000000100000000)
  region size 1024K, 58 young (59392K), 2 survivors (2048K)
 Metaspace       used 213185K, capacity 221937K, committed 222160K, reserved 708608K
  class space    used 26954K, capacity 30279K, committed 30336K, reserved 516096K
}
Event: 28271.325 GC heap after
{Heap after GC invocations=340 (full 0):
 garbage-first heap   total 496640K, used 323281K [0x0000000080000000, 0x0000000100000000)
  region size 1024K, 4 young (4096K), 4 survivors (4096K)
 Metaspace       used 213185K, capacity 221937K, committed 222160K, reserved 708608K
  class space    used 26954K, capacity 30279K, committed 30336K, reserved 516096K
}
Event: 28283.090 GC heap before
{Heap before GC invocations=341 (full 0):
 garbage-first heap   total 496640K, used 412369K [0x0000000080000000, 0x0000000100000000)
  region size 1024K, 87 young (89088K), 4 survivors (4096K)
 Metaspace       used 213445K, capacity 222154K, committed 222416K, reserved 708608K
  class space    used 26971K, capacity 30301K, committed 30336K, reserved 516096K
}
Event: 28283.159 GC heap after
{Heap after GC invocations=342 (full 0):
 garbage-first heap   total 496640K, used 328471K [0x0000000080000000, 0x0000000100000000)
  region size 1024K, 6 young (6144K), 6 survivors (6144K)
 Metaspace       used 213445K, capacity 222154K, committed 222416K, reserved 708608K
  class space    used 26971K, capacity 30301K, committed 30336K, reserved 516096K
}
Event: 28284.721 GC heap before
{Heap before GC invocations=342 (full 0):
 garbage-first heap   total 496640K, used 348951K [0x0000000080000000, 0x0000000100000000)
  region size 1024K, 24 young (24576K), 6 survivors (6144K)
 Metaspace       used 213466K, capacity 222169K, committed 222416K, reserved 708608K
  class space    used 26973K, capacity 30304K, committed 30336K, reserved 516096K
}
Event: 28284.837 GC heap after
{Heap after GC invocations=343 (full 0):
 garbage-first heap   total 496640K, used 327836K [0x0000000080000000, 0x0000000100000000)
  region size 1024K, 3 young (3072K), 3 survivors (3072K)
 Metaspace       used 213466K, capacity 222169K, committed 222416K, reserved 708608K
  class space    used 26973K, capacity 30304K, committed 30336K, reserved 516096K
}
Event: 28287.900 GC heap before
{Heap before GC invocations=343 (full 0):
 garbage-first heap   total 496640K, used 357532K [0x0000000080000000, 0x0000000100000000)
  region size 1024K, 33 young (33792K), 3 survivors (3072K)
 Metaspace       used 213591K, capacity 222375K, committed 222416K, reserved 708608K
  class space    used 26974K, capacity 30307K, committed 30336K, reserved 516096K
}
Event: 28287.990 GC heap after
{Heap after GC invocations=344 (full 0):
 garbage-first heap   total 496640K, used 329010K [0x0000000080000000, 0x0000000100000000)
  region size 1024K, 5 young (5120K), 5 survivors (5120K)
 Metaspace       used 213591K, capacity 222375K, committed 222416K, reserved 708608K
  class space    used 26974K, capacity 30307K, committed 30336K, reserved 516096K
}
Event: 28299.652 GC heap before
{Heap before GC invocations=345 (full 0):
 garbage-first heap   total 496640K, used 401714K [0x0000000080000000, 0x0000000100000000)
  region size 1024K, 75 young (76800K), 5 survivors (5120K)
 Metaspace       used 214022K, capacity 222784K, committed 222928K, reserved 710656K
  class space    used 26997K, capacity 30334K, committed 30336K, reserved 516096K
}
Event: 28299.690 GC heap after
{Heap after GC invocations=346 (full 0):
 garbage-first heap   total 496640K, used 328196K [0x0000000080000000, 0x0000000100000000)
  region size 1024K, 4 young (4096K), 4 survivors (4096K)
 Metaspace       used 214022K, capacity 222784K, committed 222928K, reserved 710656K
  class space    used 26997K, capacity 30334K, committed 30336K, reserved 516096K
}
Event: 28301.153 GC heap before
{Heap before GC invocations=346 (full 0):
 garbage-first heap   total 496640K, used 350724K [0x0000000080000000, 0x0000000100000000)
  region size 1024K, 24 young (24576K), 4 survivors (4096K)
 Metaspace       used 214043K, capacity 222848K, committed 222928K, reserved 710656K
  class space    used 26997K, capacity 30334K, committed 30336K, reserved 516096K
}
Event: 28301.237 GC heap after
{Heap after GC invocations=347 (full 0):
 garbage-first heap   total 496640K, used 331751K [0x0000000080000000, 0x0000000100000000)
  region size 1024K, 3 young (3072K), 3 survivors (3072K)
 Metaspace       used 214043K, capacity 222848K, committed 222928K, reserved 710656K
  class space    used 26997K, capacity 30334K, committed 30336K, reserved 516096K
}
Event: 28303.619 GC heap before
{Heap before GC invocations=347 (full 0):
 garbage-first heap   total 496640K, used 406503K [0x0000000080000000, 0x0000000100000000)
  region size 1024K, 76 young (77824K), 3 survivors (3072K)
 Metaspace       used 214241K, capacity 223055K, committed 223184K, reserved 710656K
  class space    used 26999K, capacity 30335K, committed 30336K, reserved 516096K
}
Event: 28303.740 GC heap after
{Heap after GC invocations=348 (full 0):
 garbage-first heap   total 496640K, used 341282K [0x0000000080000000, 0x0000000100000000)
  region size 1024K, 10 young (10240K), 10 survivors (10240K)
 Metaspace       used 214241K, capacity 223055K, committed 223184K, reserved 710656K
  class space    used 26999K, capacity 30335K, committed 30336K, reserved 516096K
}
Event: 28311.543 GC heap before
{Heap before GC invocations=349 (full 0):
 garbage-first heap   total 496640K, used 410914K [0x0000000080000000, 0x0000000100000000)
  region size 1024K, 79 young (80896K), 10 survivors (10240K)
 Metaspace       used 214902K, capacity 223683K, committed 223824K, reserved 710656K
  class space    used 27093K, capacity 30411K, committed 30464K, reserved 516096K
}
Event: 28311.669 GC heap after
{Heap after GC invocations=350 (full 0):
 garbage-first heap   total 496640K, used 345350K [0x0000000080000000, 0x0000000100000000)
  region size 1024K, 6 young (6144K), 6 survivors (6144K)
 Metaspace       used 214902K, capacity 223683K, committed 223824K, reserved 710656K
  class space    used 27093K, capacity 30411K, committed 30464K, reserved 516096K
}
Event: 28313.294 GC heap before
{Heap before GC invocations=350 (full 0):
 garbage-first heap   total 496640K, used 363782K [0x0000000080000000, 0x0000000100000000)
  region size 1024K, 24 young (24576K), 6 survivors (6144K)
 Metaspace       used 215785K, capacity 224684K, committed 224720K, reserved 710656K
  class space    used 27220K, capacity 30557K, committed 30592K, reserved 516096K
}
Event: 28313.351 GC heap after
{Heap after GC invocations=351 (full 0):
 garbage-first heap   total 496640K, used 344055K [0x0000000080000000, 0x0000000100000000)
  region size 1024K, 2 young (2048K), 2 survivors (2048K)
 Metaspace       used 215785K, capacity 224684K, committed 224720K, reserved 710656K
  class space    used 27220K, capacity 30557K, committed 30592K, reserved 516096K
}

